[debug] [2024-04-02T07:42:29.953Z] ----------------------------------------------------------------------
[debug] [2024-04-02T07:42:29.954Z] Command:       /usr/local/bin/node /usr/local/bin/firebase deploy
[debug] [2024-04-02T07:42:29.954Z] CLI Version:   13.4.0
[debug] [2024-04-02T07:42:29.955Z] Platform:      darwin
[debug] [2024-04-02T07:42:29.955Z] Node Version:  v20.11.1
[debug] [2024-04-02T07:42:29.955Z] Time:          Tue Apr 02 2024 09:42:29 GMT+0200 (Central European Summer Time)
[debug] [2024-04-02T07:42:29.955Z] ----------------------------------------------------------------------
[debug] 
[debug] [2024-04-02T07:42:29.956Z] >>> [apiv2][query] GET https://firebase-public.firebaseio.com/cli.json [none]
[debug] [2024-04-02T07:42:30.009Z] > command requires scopes: ["email","openid","https://www.googleapis.com/auth/cloudplatformprojects.readonly","https://www.googleapis.com/auth/firebase","https://www.googleapis.com/auth/cloud-platform"]
[debug] [2024-04-02T07:42:30.009Z] > authorizing via signed-in user (michael.marigliano@trekanten.org)
[debug] [2024-04-02T07:42:30.009Z] [iam] checking project trekanten-video-app for permissions ["cloudconfig.configs.get","cloudconfig.configs.update","cloudfunctions.functions.create","cloudfunctions.functions.delete","cloudfunctions.functions.get","cloudfunctions.functions.list","cloudfunctions.functions.update","cloudfunctions.operations.get","datastore.indexes.create","datastore.indexes.delete","datastore.indexes.list","datastore.indexes.update","firebase.projects.get","firebasedatabase.instances.update","firebasehosting.sites.update","firebaserules.releases.create","firebaserules.releases.update","firebaserules.rulesets.create",null]
[debug] [2024-04-02T07:42:30.010Z] > refreshing access token with scopes: []
[debug] [2024-04-02T07:42:30.010Z] >>> [apiv2][query] POST https://www.googleapis.com/oauth2/v3/token [none]
[debug] [2024-04-02T07:42:30.010Z] >>> [apiv2][body] POST https://www.googleapis.com/oauth2/v3/token [omitted]
[debug] [2024-04-02T07:42:30.223Z] <<< [apiv2][status] POST https://www.googleapis.com/oauth2/v3/token 200
[debug] [2024-04-02T07:42:30.223Z] <<< [apiv2][body] POST https://www.googleapis.com/oauth2/v3/token [omitted]
[debug] [2024-04-02T07:42:30.234Z] >>> [apiv2][query] POST https://cloudresourcemanager.googleapis.com/v1/projects/trekanten-video-app:testIamPermissions [none]
[debug] [2024-04-02T07:42:30.234Z] >>> [apiv2][(partial)header] POST https://cloudresourcemanager.googleapis.com/v1/projects/trekanten-video-app:testIamPermissions x-goog-quota-user=projects/trekanten-video-app
[debug] [2024-04-02T07:42:30.234Z] >>> [apiv2][body] POST https://cloudresourcemanager.googleapis.com/v1/projects/trekanten-video-app:testIamPermissions {"permissions":["cloudconfig.configs.get","cloudconfig.configs.update","cloudfunctions.functions.create","cloudfunctions.functions.delete","cloudfunctions.functions.get","cloudfunctions.functions.list","cloudfunctions.functions.update","cloudfunctions.operations.get","datastore.indexes.create","datastore.indexes.delete","datastore.indexes.list","datastore.indexes.update","firebase.projects.get","firebasedatabase.instances.update","firebasehosting.sites.update","firebaserules.releases.create","firebaserules.releases.update","firebaserules.rulesets.create",null]}
[debug] [2024-04-02T07:42:30.395Z] <<< [apiv2][status] GET https://firebase-public.firebaseio.com/cli.json 200
[debug] [2024-04-02T07:42:30.395Z] <<< [apiv2][body] GET https://firebase-public.firebaseio.com/cli.json {"cloudBuildErrorAfter":1594252800000,"cloudBuildWarnAfter":1590019200000,"defaultNode10After":1594252800000,"minVersion":"3.0.5","node8DeploysDisabledAfter":1613390400000,"node8RuntimeDisabledAfter":1615809600000,"node8WarnAfter":1600128000000}
[debug] [2024-04-02T07:42:31.082Z] <<< [apiv2][status] POST https://cloudresourcemanager.googleapis.com/v1/projects/trekanten-video-app:testIamPermissions 200
[debug] [2024-04-02T07:42:31.082Z] <<< [apiv2][body] POST https://cloudresourcemanager.googleapis.com/v1/projects/trekanten-video-app:testIamPermissions {"permissions":["cloudconfig.configs.get","cloudconfig.configs.update","cloudfunctions.functions.create","cloudfunctions.functions.delete","cloudfunctions.functions.get","cloudfunctions.functions.list","cloudfunctions.functions.update","cloudfunctions.operations.get","datastore.indexes.create","datastore.indexes.delete","datastore.indexes.list","datastore.indexes.update","firebase.projects.get","firebasedatabase.instances.update","firebasehosting.sites.update","firebaserules.releases.create","firebaserules.releases.update","firebaserules.rulesets.create"]}
[debug] [2024-04-02T07:42:31.082Z] [iam] error while checking permissions, command may fail: FirebaseError: Authorization failed. This account is missing the following required permissions on project trekanten-video-app:

  
[debug] [2024-04-02T07:42:31.082Z] >>> [apiv2][query] POST https://iam.googleapis.com/v1/projects/trekanten-video-app/serviceAccounts/trekanten-video-app@appspot.gserviceaccount.com:testIamPermissions [none]
[debug] [2024-04-02T07:42:31.082Z] >>> [apiv2][body] POST https://iam.googleapis.com/v1/projects/trekanten-video-app/serviceAccounts/trekanten-video-app@appspot.gserviceaccount.com:testIamPermissions {"permissions":["iam.serviceAccounts.actAs"]}
[debug] [2024-04-02T07:42:32.094Z] <<< [apiv2][status] POST https://iam.googleapis.com/v1/projects/trekanten-video-app/serviceAccounts/trekanten-video-app@appspot.gserviceaccount.com:testIamPermissions 200
[debug] [2024-04-02T07:42:32.095Z] <<< [apiv2][body] POST https://iam.googleapis.com/v1/projects/trekanten-video-app/serviceAccounts/trekanten-video-app@appspot.gserviceaccount.com:testIamPermissions {"permissions":["iam.serviceAccounts.actAs"]}
[debug] [2024-04-02T07:42:32.096Z] >>> [apiv2][query] GET https://firebase.googleapis.com/v1beta1/projects/trekanten-video-app [none]
[debug] [2024-04-02T07:42:32.470Z] <<< [apiv2][status] GET https://firebase.googleapis.com/v1beta1/projects/trekanten-video-app 200
[debug] [2024-04-02T07:42:32.470Z] <<< [apiv2][body] GET https://firebase.googleapis.com/v1beta1/projects/trekanten-video-app {"projectId":"trekanten-video-app","projectNumber":"599078698344","displayName":"trekanten-video-app","name":"projects/trekanten-video-app","resources":{"hostingSite":"trekanten-video-app","realtimeDatabaseInstance":"trekanten-video-app-default-rtdb","storageBucket":"trekanten-video-app.appspot.com","locationId":"europe-west3"},"state":"ACTIVE","etag":"1_4b826b4f-b143-4fd1-ae04-3ac40d3e0ae8"}
[debug] [2024-04-02T07:42:32.471Z] >>> [apiv2][query] GET https://firebase.googleapis.com/v1beta1/projects/trekanten-video-app [none]
[debug] [2024-04-02T07:42:32.783Z] <<< [apiv2][status] GET https://firebase.googleapis.com/v1beta1/projects/trekanten-video-app 200
[debug] [2024-04-02T07:42:32.783Z] <<< [apiv2][body] GET https://firebase.googleapis.com/v1beta1/projects/trekanten-video-app {"projectId":"trekanten-video-app","projectNumber":"599078698344","displayName":"trekanten-video-app","name":"projects/trekanten-video-app","resources":{"hostingSite":"trekanten-video-app","realtimeDatabaseInstance":"trekanten-video-app-default-rtdb","storageBucket":"trekanten-video-app.appspot.com","locationId":"europe-west3"},"state":"ACTIVE","etag":"1_4b826b4f-b143-4fd1-ae04-3ac40d3e0ae8"}
[debug] [2024-04-02T07:42:34.302Z] >>> [apiv2][query] GET https://firebasehosting.googleapis.com/v1beta1/projects/trekanten-video-app/sites pageToken=&pageSize=10
[debug] [2024-04-02T07:42:35.428Z] <<< [apiv2][status] GET https://firebasehosting.googleapis.com/v1beta1/projects/trekanten-video-app/sites 200
[debug] [2024-04-02T07:42:35.428Z] <<< [apiv2][body] GET https://firebasehosting.googleapis.com/v1beta1/projects/trekanten-video-app/sites {"sites":[{"name":"projects/trekanten-video-app/sites/trekanten-video-app","defaultUrl":"https://trekanten-video-app.web.app","type":"DEFAULT_SITE"}]}
[debug] [2024-04-02T07:42:35.429Z] >>> [apiv2][query] GET https://firebasehosting.googleapis.com/v1beta1/projects/trekanten-video-app/sites 
[debug] [2024-04-02T07:42:35.725Z] <<< [apiv2][status] GET https://firebasehosting.googleapis.com/v1beta1/projects/trekanten-video-app/sites 200
[debug] [2024-04-02T07:42:35.725Z] <<< [apiv2][body] GET https://firebasehosting.googleapis.com/v1beta1/projects/trekanten-video-app/sites {"sites":[{"name":"projects/trekanten-video-app/sites/trekanten-video-app","defaultUrl":"https://trekanten-video-app.web.app","type":"DEFAULT_SITE"}]}
[debug] [2024-04-02T07:42:35.726Z] >>> [apiv2][query] GET https://firebase.googleapis.com/v1beta1/projects/trekanten-video-app/webApps/-/config [none]
[debug] [2024-04-02T07:42:36.525Z] <<< [apiv2][status] GET https://firebase.googleapis.com/v1beta1/projects/trekanten-video-app/webApps/-/config 200
[debug] [2024-04-02T07:42:36.525Z] <<< [apiv2][body] GET https://firebase.googleapis.com/v1beta1/projects/trekanten-video-app/webApps/-/config {"projectId":"trekanten-video-app","appId":"1:599078698344:web:2cde5b2caa027a19e46add","databaseURL":"https://trekanten-video-app-default-rtdb.europe-west1.firebasedatabase.app","storageBucket":"trekanten-video-app.appspot.com","locationId":"europe-west3","apiKey":"AIzaSyDJuXZEFP_upRMzqb9Gtv9gbzZxGMUxKyc","authDomain":"trekanten-video-app.firebaseapp.com","messagingSenderId":"599078698344","measurementId":"G-S3TGTBBL1Y"}
[info] 
   Thank you for trying our early preview of Next.js support on Firebase Hosting.
   During the preview, support is best-effort and breaking changes can be expected. Proceed with caution.

   Documentation: https://firebase.google.com/docs/hosting/frameworks/nextjs
   File a bug: https://github.com/firebase/firebase-tools/issues/new?template=bug_report.md
   Submit a feature request: https://github.com/firebase/firebase-tools/issues/new?template=feature_request.md

   We'd love to learn from you. Express your interest in helping us shape the future of Firebase Hosting: https://goo.gle/41enW5X

[debug] [2024-04-02T07:42:37.915Z] >>> [apiv2][query] GET https://firebasehosting.googleapis.com/v1beta1/projects/trekanten-video-app/sites/trekanten-video-app [none]
[debug] [2024-04-02T07:42:38.144Z] <<< [apiv2][status] GET https://firebasehosting.googleapis.com/v1beta1/projects/trekanten-video-app/sites/trekanten-video-app 200
[debug] [2024-04-02T07:42:38.144Z] <<< [apiv2][body] GET https://firebasehosting.googleapis.com/v1beta1/projects/trekanten-video-app/sites/trekanten-video-app {"name":"projects/trekanten-video-app/sites/trekanten-video-app","defaultUrl":"https://trekanten-video-app.web.app","type":"DEFAULT_SITE"}
[info]    ▲ Next.js 14.0.4

[info]    - Environments: .env.local

   Creating an optimized production build ...

[info] 

[info] > Build error occurred

[info] Error: Page config in /Users/mima/WebstormProjects/trekanten-video-app/app/api/tube/route.ts is deprecated. Replace `export const config=…` with the following:
Visit https://nextjs.org/docs/app/api-reference/file-conventions/route-segment-config for more information.
    at getPageStaticInfo (/Users/mima/WebstormProjects/trekanten-video-app/node_modules/next/dist/build/analysis/get-page-static-info.js:419:27)
    at async getStaticInfoIncludingLayouts (/Users/mima/WebstormProjects/trekanten-video-app/node_modules/next/dist/build/entries.js:105:28)
    at async /Users/mima/WebstormProjects/trekanten-video-app/node_modules/next/dist/build/entries.js:397:32
    at async Promise.all (index 3)
    at async Promise.all (index 0)
    at async createEntrypoints (/Users/mima/WebstormProjects/trekanten-video-app/node_modules/next/dist/build/entries.js:528:5)
    at async Span.traceAsyncFn (/Users/mima/WebstormProjects/trekanten-video-app/node_modules/next/dist/trace/trace.js:147:20)
    at async webpackBuildImpl (/Users/mima/WebstormProjects/trekanten-video-app/node_modules/next/dist/build/webpack-build/impl.js:101:25)
    at async webpackBuild (/Users/mima/WebstormProjects/trekanten-video-app/node_modules/next/dist/build/webpack-build/index.js:165:16)
    at async /Users/mima/WebstormProjects/trekanten-video-app/node_modules/next/dist/build/index.js:695:115

[debug] [2024-04-02T07:42:41.658Z] Error: ENOENT: no such file or directory, open '/Users/mima/WebstormProjects/trekanten-video-app/.next/server/middleware-manifest.json'
[error] 
[error] Error: An unexpected error has occurred.
[debug] [2024-04-02T07:43:47.283Z] ----------------------------------------------------------------------
[debug] [2024-04-02T07:43:47.284Z] Command:       /usr/local/bin/node /usr/local/bin/firebase deploy
[debug] [2024-04-02T07:43:47.284Z] CLI Version:   13.4.0
[debug] [2024-04-02T07:43:47.284Z] Platform:      darwin
[debug] [2024-04-02T07:43:47.284Z] Node Version:  v20.11.1
[debug] [2024-04-02T07:43:47.284Z] Time:          Tue Apr 02 2024 09:43:47 GMT+0200 (Central European Summer Time)
[debug] [2024-04-02T07:43:47.284Z] ----------------------------------------------------------------------
[debug] 
[debug] [2024-04-02T07:43:47.318Z] > command requires scopes: ["email","openid","https://www.googleapis.com/auth/cloudplatformprojects.readonly","https://www.googleapis.com/auth/firebase","https://www.googleapis.com/auth/cloud-platform"]
[debug] [2024-04-02T07:43:47.318Z] > authorizing via signed-in user (michael.marigliano@trekanten.org)
[debug] [2024-04-02T07:43:47.318Z] [iam] checking project trekanten-video-app for permissions ["cloudconfig.configs.get","cloudconfig.configs.update","cloudfunctions.functions.create","cloudfunctions.functions.delete","cloudfunctions.functions.get","cloudfunctions.functions.list","cloudfunctions.functions.update","cloudfunctions.operations.get","datastore.indexes.create","datastore.indexes.delete","datastore.indexes.list","datastore.indexes.update","firebase.projects.get","firebasedatabase.instances.update","firebasehosting.sites.update","firebaserules.releases.create","firebaserules.releases.update","firebaserules.rulesets.create",null]
[debug] [2024-04-02T07:43:47.319Z] >>> [apiv2][query] POST https://cloudresourcemanager.googleapis.com/v1/projects/trekanten-video-app:testIamPermissions [none]
[debug] [2024-04-02T07:43:47.319Z] >>> [apiv2][(partial)header] POST https://cloudresourcemanager.googleapis.com/v1/projects/trekanten-video-app:testIamPermissions x-goog-quota-user=projects/trekanten-video-app
[debug] [2024-04-02T07:43:47.319Z] >>> [apiv2][body] POST https://cloudresourcemanager.googleapis.com/v1/projects/trekanten-video-app:testIamPermissions {"permissions":["cloudconfig.configs.get","cloudconfig.configs.update","cloudfunctions.functions.create","cloudfunctions.functions.delete","cloudfunctions.functions.get","cloudfunctions.functions.list","cloudfunctions.functions.update","cloudfunctions.operations.get","datastore.indexes.create","datastore.indexes.delete","datastore.indexes.list","datastore.indexes.update","firebase.projects.get","firebasedatabase.instances.update","firebasehosting.sites.update","firebaserules.releases.create","firebaserules.releases.update","firebaserules.rulesets.create",null]}
[debug] [2024-04-02T07:43:48.152Z] <<< [apiv2][status] POST https://cloudresourcemanager.googleapis.com/v1/projects/trekanten-video-app:testIamPermissions 200
[debug] [2024-04-02T07:43:48.153Z] <<< [apiv2][body] POST https://cloudresourcemanager.googleapis.com/v1/projects/trekanten-video-app:testIamPermissions {"permissions":["cloudconfig.configs.get","cloudconfig.configs.update","cloudfunctions.functions.create","cloudfunctions.functions.delete","cloudfunctions.functions.get","cloudfunctions.functions.list","cloudfunctions.functions.update","cloudfunctions.operations.get","datastore.indexes.create","datastore.indexes.delete","datastore.indexes.list","datastore.indexes.update","firebase.projects.get","firebasedatabase.instances.update","firebasehosting.sites.update","firebaserules.releases.create","firebaserules.releases.update","firebaserules.rulesets.create"]}
[debug] [2024-04-02T07:43:48.153Z] [iam] error while checking permissions, command may fail: FirebaseError: Authorization failed. This account is missing the following required permissions on project trekanten-video-app:

  
[debug] [2024-04-02T07:43:48.153Z] >>> [apiv2][query] POST https://iam.googleapis.com/v1/projects/trekanten-video-app/serviceAccounts/trekanten-video-app@appspot.gserviceaccount.com:testIamPermissions [none]
[debug] [2024-04-02T07:43:48.154Z] >>> [apiv2][body] POST https://iam.googleapis.com/v1/projects/trekanten-video-app/serviceAccounts/trekanten-video-app@appspot.gserviceaccount.com:testIamPermissions {"permissions":["iam.serviceAccounts.actAs"]}
[debug] [2024-04-02T07:43:48.943Z] <<< [apiv2][status] POST https://iam.googleapis.com/v1/projects/trekanten-video-app/serviceAccounts/trekanten-video-app@appspot.gserviceaccount.com:testIamPermissions 200
[debug] [2024-04-02T07:43:48.943Z] <<< [apiv2][body] POST https://iam.googleapis.com/v1/projects/trekanten-video-app/serviceAccounts/trekanten-video-app@appspot.gserviceaccount.com:testIamPermissions {"permissions":["iam.serviceAccounts.actAs"]}
[debug] [2024-04-02T07:43:48.944Z] >>> [apiv2][query] GET https://firebase.googleapis.com/v1beta1/projects/trekanten-video-app [none]
[debug] [2024-04-02T07:43:49.260Z] <<< [apiv2][status] GET https://firebase.googleapis.com/v1beta1/projects/trekanten-video-app 200
[debug] [2024-04-02T07:43:49.260Z] <<< [apiv2][body] GET https://firebase.googleapis.com/v1beta1/projects/trekanten-video-app {"projectId":"trekanten-video-app","projectNumber":"599078698344","displayName":"trekanten-video-app","name":"projects/trekanten-video-app","resources":{"hostingSite":"trekanten-video-app","realtimeDatabaseInstance":"trekanten-video-app-default-rtdb","storageBucket":"trekanten-video-app.appspot.com","locationId":"europe-west3"},"state":"ACTIVE","etag":"1_4b826b4f-b143-4fd1-ae04-3ac40d3e0ae8"}
[debug] [2024-04-02T07:43:49.261Z] >>> [apiv2][query] GET https://firebase.googleapis.com/v1beta1/projects/trekanten-video-app [none]
[debug] [2024-04-02T07:43:49.531Z] <<< [apiv2][status] GET https://firebase.googleapis.com/v1beta1/projects/trekanten-video-app 200
[debug] [2024-04-02T07:43:49.531Z] <<< [apiv2][body] GET https://firebase.googleapis.com/v1beta1/projects/trekanten-video-app {"projectId":"trekanten-video-app","projectNumber":"599078698344","displayName":"trekanten-video-app","name":"projects/trekanten-video-app","resources":{"hostingSite":"trekanten-video-app","realtimeDatabaseInstance":"trekanten-video-app-default-rtdb","storageBucket":"trekanten-video-app.appspot.com","locationId":"europe-west3"},"state":"ACTIVE","etag":"1_4b826b4f-b143-4fd1-ae04-3ac40d3e0ae8"}
[debug] [2024-04-02T07:43:50.304Z] >>> [apiv2][query] GET https://firebasehosting.googleapis.com/v1beta1/projects/trekanten-video-app/sites pageToken=&pageSize=10
[debug] [2024-04-02T07:43:51.480Z] <<< [apiv2][status] GET https://firebasehosting.googleapis.com/v1beta1/projects/trekanten-video-app/sites 200
[debug] [2024-04-02T07:43:51.480Z] <<< [apiv2][body] GET https://firebasehosting.googleapis.com/v1beta1/projects/trekanten-video-app/sites {"sites":[{"name":"projects/trekanten-video-app/sites/trekanten-video-app","defaultUrl":"https://trekanten-video-app.web.app","type":"DEFAULT_SITE"}]}
[debug] [2024-04-02T07:43:51.481Z] >>> [apiv2][query] GET https://firebasehosting.googleapis.com/v1beta1/projects/trekanten-video-app/sites 
[debug] [2024-04-02T07:43:51.862Z] <<< [apiv2][status] GET https://firebasehosting.googleapis.com/v1beta1/projects/trekanten-video-app/sites 200
[debug] [2024-04-02T07:43:51.863Z] <<< [apiv2][body] GET https://firebasehosting.googleapis.com/v1beta1/projects/trekanten-video-app/sites {"sites":[{"name":"projects/trekanten-video-app/sites/trekanten-video-app","defaultUrl":"https://trekanten-video-app.web.app","type":"DEFAULT_SITE"}]}
[debug] [2024-04-02T07:43:51.863Z] >>> [apiv2][query] GET https://firebase.googleapis.com/v1beta1/projects/trekanten-video-app/webApps/-/config [none]
[debug] [2024-04-02T07:43:52.784Z] <<< [apiv2][status] GET https://firebase.googleapis.com/v1beta1/projects/trekanten-video-app/webApps/-/config 200
[debug] [2024-04-02T07:43:52.785Z] <<< [apiv2][body] GET https://firebase.googleapis.com/v1beta1/projects/trekanten-video-app/webApps/-/config {"projectId":"trekanten-video-app","appId":"1:599078698344:web:2cde5b2caa027a19e46add","databaseURL":"https://trekanten-video-app-default-rtdb.europe-west1.firebasedatabase.app","storageBucket":"trekanten-video-app.appspot.com","locationId":"europe-west3","apiKey":"AIzaSyDJuXZEFP_upRMzqb9Gtv9gbzZxGMUxKyc","authDomain":"trekanten-video-app.firebaseapp.com","messagingSenderId":"599078698344","measurementId":"G-S3TGTBBL1Y"}
[info] 
   Thank you for trying our early preview of Next.js support on Firebase Hosting.
   During the preview, support is best-effort and breaking changes can be expected. Proceed with caution.

   Documentation: https://firebase.google.com/docs/hosting/frameworks/nextjs
   File a bug: https://github.com/firebase/firebase-tools/issues/new?template=bug_report.md
   Submit a feature request: https://github.com/firebase/firebase-tools/issues/new?template=feature_request.md

   We'd love to learn from you. Express your interest in helping us shape the future of Firebase Hosting: https://goo.gle/41enW5X

[debug] [2024-04-02T07:43:54.251Z] >>> [apiv2][query] GET https://firebasehosting.googleapis.com/v1beta1/projects/trekanten-video-app/sites/trekanten-video-app [none]
[debug] [2024-04-02T07:43:54.531Z] <<< [apiv2][status] GET https://firebasehosting.googleapis.com/v1beta1/projects/trekanten-video-app/sites/trekanten-video-app 200
[debug] [2024-04-02T07:43:54.531Z] <<< [apiv2][body] GET https://firebasehosting.googleapis.com/v1beta1/projects/trekanten-video-app/sites/trekanten-video-app {"name":"projects/trekanten-video-app/sites/trekanten-video-app","defaultUrl":"https://trekanten-video-app.web.app","type":"DEFAULT_SITE"}
[info]    ▲ Next.js 14.0.4

[info]    - Environments: .env.local

   Creating an optimized production build ...

[info] 

[info] > Build error occurred

[info] Error: Page config in /Users/mima/WebstormProjects/trekanten-video-app/app/api/tube/route.ts is deprecated. Replace `export const config=…` with the following:
Visit https://nextjs.org/docs/app/api-reference/file-conventions/route-segment-config for more information.
    at getPageStaticInfo (/Users/mima/WebstormProjects/trekanten-video-app/node_modules/next/dist/build/analysis/get-page-static-info.js:419:27)
    at async getStaticInfoIncludingLayouts (/Users/mima/WebstormProjects/trekanten-video-app/node_modules/next/dist/build/entries.js:105:28)
    at async /Users/mima/WebstormProjects/trekanten-video-app/node_modules/next/dist/build/entries.js:397:32
    at async Promise.all (index 3)
    at async Promise.all (index 0)
    at async createEntrypoints (/Users/mima/WebstormProjects/trekanten-video-app/node_modules/next/dist/build/entries.js:528:5)
    at async Span.traceAsyncFn (/Users/mima/WebstormProjects/trekanten-video-app/node_modules/next/dist/trace/trace.js:147:20)
    at async webpackBuildImpl (/Users/mima/WebstormProjects/trekanten-video-app/node_modules/next/dist/build/webpack-build/impl.js:101:25)
    at async webpackBuild (/Users/mima/WebstormProjects/trekanten-video-app/node_modules/next/dist/build/webpack-build/index.js:165:16)
    at async /Users/mima/WebstormProjects/trekanten-video-app/node_modules/next/dist/build/index.js:695:115

[debug] [2024-04-02T07:43:55.408Z] Error: ENOENT: no such file or directory, open '/Users/mima/WebstormProjects/trekanten-video-app/.next/server/middleware-manifest.json'
[error] 
[error] Error: An unexpected error has occurred.
